2025-12-09 09:52:39,140 - INFO - [START] Standardizing data ...
2025-12-09 09:52:48,876 - INFO - Player data: (662867, 101)
2025-12-09 09:52:48,877 - INFO - Transfer data: (3762, 8)
2025-12-09 09:52:48,877 - INFO - [START] Loading data using DataProcessor ...
2025-12-09 09:53:31,657 - INFO - X_train: (2124, 65), X_test: (531, 65), y_train: (2124,), y_test: (531,)
2025-12-09 09:53:31,657 - INFO - [INFO] Running baseline sklearn models ...
2025-12-09 09:53:50,023 - INFO - 
[INFO] Classification Model Performance:
2025-12-09 09:53:50,033 - INFO - 
                            Accuracy_train  Accuracy_test  Precision_train  Precision_test  Recall_train  Recall_test  F1_train   F1_test
model                                                                                                                                    
LogisticRegression                0.654896       0.585687         0.648574        0.568763      0.654896     0.585687  0.648038  0.574039
RandomForestClassifier            1.000000       0.785311         1.000000        0.781776      1.000000     0.785311  1.000000  0.777276
XGBoostClassifier                 1.000000       0.815443         1.000000        0.810949      1.000000     0.815443  1.000000  0.811391
GradientBoostingClassifier        0.940678       0.757062         0.940354        0.749450      0.940678     0.757062  0.940469  0.750815
2025-12-09 09:53:50,035 - INFO - 
[INFO] Regression Model Performance:
2025-12-09 09:53:55,457 - INFO - 
                  MAE_train  MAE_test  MSE_train  MSE_test  R2_train   R2_test
model                                                                         
LinearRegression   0.607091  0.621297   0.654623  0.729912  0.601323  0.593629
RandomForest       0.107631  0.284369   0.033582  0.225641  0.979548  0.874377
GradientBoosting   0.327948  0.382441   0.207285  0.292663  0.873760  0.837063
XGBoost            0.016661  0.236035   0.000748  0.227545  0.999544  0.873317
2025-12-09 09:53:55,457 - INFO - [DONE] Baseline sklearn results computed.

2025-12-09 09:53:55,457 - INFO - 
[INFO] Tuning XGBoost Classifier model ...
2025-12-09 09:53:59,942 - INFO - [INFO] XGBoost tuning completed.

2025-12-09 09:53:59,943 - INFO - 
Model Performance:
2025-12-09 09:53:59,943 - INFO - ------------------
2025-12-09 09:53:59,943 - INFO - Accuracy  (train): 1.0000
2025-12-09 09:53:59,943 - INFO - Accuracy  (test) : 0.7985
2025-12-09 09:53:59,943 - INFO - Precision (train): 1.0000
2025-12-09 09:53:59,944 - INFO - Precision (test) : 0.7954
2025-12-09 09:53:59,944 - INFO - Recall    (train): 1.0000
2025-12-09 09:53:59,944 - INFO - Recall    (test) : 0.7985
2025-12-09 09:53:59,944 - INFO - F1 Score  (train): 1.0000
2025-12-09 09:53:59,944 - INFO - F1 Score  (test) : 0.7952
2025-12-09 09:53:59,944 - INFO - [INFO] Most important features from XGBoost Classifier model:
2025-12-09 09:53:59,953 - INFO - Saved all feature importances to xgb_classifier_importances.csv
2025-12-09 09:53:59,953 - INFO - 
[INFO] Tuning XGBoost regression model...

2025-12-09 09:54:01,902 - INFO - [INFO] XGBoost tuning completed.

2025-12-09 09:54:01,903 - INFO - 
Model Performance:
2025-12-09 09:54:01,903 - INFO - ------------------
2025-12-09 09:54:01,903 - INFO - MAE  (train): 0.02
2025-12-09 09:54:01,903 - INFO - MAE  (test) : 0.23
2025-12-09 09:54:01,903 - INFO - MSE  (train): 1.86e-03
2025-12-09 09:54:01,903 - INFO - MSE  (test) : 2.16e-01
2025-12-09 09:54:01,903 - INFO - R²   (train): 0.9989
2025-12-09 09:54:01,903 - INFO - R²   (test) : 0.8799
2025-12-09 09:54:01,903 - INFO - [INFO] Most important features from XGBoost regression model:
2025-12-09 09:54:01,906 - INFO - Saved all feature importances to xgb_regressor_importances.csv
2025-12-09 09:54:01,906 - INFO - [INFO] Preparing CatBoost datasets (raw categoricals)...
2025-12-09 09:54:01,912 - INFO - X_train_cat: (2124, 65), X_test_cat: (531, 65), y_train_cat: (2124,), y_test_cat: (531,)
2025-12-09 09:54:01,912 - INFO - [INFO] Number of categorical feature:3
2025-12-09 09:54:01,912 - INFO - [INFO] Running baseline CatBoost model ...
2025-12-09 09:54:07,373 - INFO - [DONE] Baseline CatBoost results computed.

2025-12-09 09:54:07,374 - INFO - [INFO] Tuning CatBoost model ...

2025-12-09 09:54:24,525 - INFO - [INFO] CatBoost tuning completed.

2025-12-09 09:54:24,525 - INFO - 
Model Performance:
2025-12-09 09:54:24,526 - INFO - ------------------
2025-12-09 09:54:24,526 - INFO - MAE  (train): 0.05
2025-12-09 09:54:24,526 - INFO - MAE  (test) : 0.24
2025-12-09 09:54:24,526 - INFO - MSE  (train): 7.05e-03
2025-12-09 09:54:24,526 - INFO - MSE  (test) : 1.87e-01
2025-12-09 09:54:24,526 - INFO - R²   (train): 0.9957
2025-12-09 09:54:24,526 - INFO - R²   (test) : 0.8957
2025-12-09 09:54:24,526 - INFO - [INFO] Most important features from XGBoost regression model:
2025-12-09 09:54:24,531 - INFO - Saved all feature importances to catboost_importances.csv
