2025-12-09 09:49:45,274 - INFO - [START] Standardizing data ...
2025-12-09 09:49:56,356 - INFO - Player data: (662867, 101)
2025-12-09 09:49:56,357 - INFO - Transfer data: (3762, 8)
2025-12-09 09:49:56,357 - INFO - [START] Loading data using DataProcessor ...
2025-12-09 09:50:40,275 - INFO - X_train: (2124, 255), X_test: (531, 255), y_train: (2124,), y_test: (531,)
2025-12-09 09:50:40,276 - INFO - [INFO] Running baseline sklearn models ...
2025-12-09 09:51:03,778 - INFO - 
[INFO] Classification Model Performance:
2025-12-09 09:51:03,786 - INFO - 
                            Accuracy_train  Accuracy_test  Precision_train  Precision_test  Recall_train  Recall_test  F1_train   F1_test
model                                                                                                                                    
LogisticRegression                0.771657       0.634652         0.768777        0.620603      0.771657     0.634652  0.768915  0.625599
RandomForestClassifier            1.000000       0.785311         1.000000        0.788612      1.000000     0.785311  1.000000  0.778262
XGBoostClassifier                 1.000000       0.824859         1.000000        0.821468      1.000000     0.824859  1.000000  0.821197
GradientBoostingClassifier        0.931733       0.766478         0.931410        0.762390      0.931733     0.766478  0.931472  0.762796
2025-12-09 09:51:03,786 - INFO - 
[INFO] Regression Model Performance:
2025-12-09 09:51:11,957 - INFO - 
                  MAE_train  MAE_test  MSE_train  MSE_test  R2_train   R2_test
model                                                                         
LinearRegression   0.520699  0.617680   0.495495  0.719525  0.698235  0.599412
RandomForest       0.108545  0.283885   0.033706  0.225234  0.979472  0.874603
GradientBoosting   0.324962  0.377136   0.198147  0.288417  0.879325  0.839427
XGBoost            0.041282  0.243109   0.003882  0.221391  0.997636  0.876743
2025-12-09 09:51:11,958 - INFO - [DONE] Baseline sklearn results computed.

2025-12-09 09:51:11,958 - INFO - 
[INFO] Tuning XGBoost Classifier model ...
2025-12-09 09:51:20,568 - INFO - [INFO] XGBoost tuning completed.

2025-12-09 09:51:20,568 - INFO - 
Model Performance:
2025-12-09 09:51:20,568 - INFO - ------------------
2025-12-09 09:51:20,569 - INFO - Accuracy  (train): 1.0000
2025-12-09 09:51:20,569 - INFO - Accuracy  (test) : 0.8023
2025-12-09 09:51:20,569 - INFO - Precision (train): 1.0000
2025-12-09 09:51:20,569 - INFO - Precision (test) : 0.7988
2025-12-09 09:51:20,569 - INFO - Recall    (train): 1.0000
2025-12-09 09:51:20,569 - INFO - Recall    (test) : 0.8023
2025-12-09 09:51:20,569 - INFO - F1 Score  (train): 1.0000
2025-12-09 09:51:20,569 - INFO - F1 Score  (test) : 0.7979
2025-12-09 09:51:20,569 - INFO - [INFO] Most important features from XGBoost Classifier model:
2025-12-09 09:51:20,588 - INFO - Saved all feature importances to xgb_classifier_importances.csv
2025-12-09 09:51:20,589 - INFO - 
[INFO] Tuning XGBoost regression model...

2025-12-09 09:51:25,098 - INFO - [INFO] XGBoost tuning completed.

2025-12-09 09:51:25,098 - INFO - 
Model Performance:
2025-12-09 09:51:25,098 - INFO - ------------------
2025-12-09 09:51:25,098 - INFO - MAE  (train): 0.01
2025-12-09 09:51:25,099 - INFO - MAE  (test) : 0.22
2025-12-09 09:51:25,099 - INFO - MSE  (train): 7.93e-04
2025-12-09 09:51:25,099 - INFO - MSE  (test) : 2.00e-01
2025-12-09 09:51:25,099 - INFO - R²   (train): 0.9995
2025-12-09 09:51:25,099 - INFO - R²   (test) : 0.8884
2025-12-09 09:51:25,099 - INFO - [INFO] Most important features from XGBoost regression model:
2025-12-09 09:51:25,106 - INFO - Saved all feature importances to xgb_regressor_importances.csv
2025-12-09 09:51:25,106 - INFO - [INFO] Preparing CatBoost datasets (raw categoricals)...
2025-12-09 09:51:25,114 - INFO - X_train_cat: (2124, 65), X_test_cat: (531, 65), y_train_cat: (2124,), y_test_cat: (531,)
2025-12-09 09:51:25,114 - INFO - [INFO] Number of categorical feature:3
2025-12-09 09:51:25,114 - INFO - [INFO] Running baseline CatBoost model ...
2025-12-09 09:51:31,890 - INFO - [DONE] Baseline CatBoost results computed.

2025-12-09 09:51:31,891 - INFO - [INFO] Tuning CatBoost model ...

2025-12-09 09:52:20,433 - INFO - [INFO] CatBoost tuning completed.

2025-12-09 09:52:20,435 - INFO - 
Model Performance:
2025-12-09 09:52:20,435 - INFO - ------------------
2025-12-09 09:52:20,435 - INFO - MAE  (train): 0.06
2025-12-09 09:52:20,435 - INFO - MAE  (test) : 0.24
2025-12-09 09:52:20,435 - INFO - MSE  (train): 9.59e-03
2025-12-09 09:52:20,435 - INFO - MSE  (test) : 2.03e-01
2025-12-09 09:52:20,435 - INFO - R²   (train): 0.9942
2025-12-09 09:52:20,435 - INFO - R²   (test) : 0.8869
2025-12-09 09:52:20,435 - INFO - [INFO] Most important features from XGBoost regression model:
2025-12-09 09:52:20,441 - INFO - Saved all feature importances to catboost_importances.csv
